# JRE version: OpenJDK Runtime Environment (25.0.1+8) (build 25.0.1+8-27)
# Java VM: OpenJDK 64-Bit Server VM (25.0.1+8-27, mixed mode, emulated-client, sharing, tiered, compressed oops, compressed class ptrs, g1 gc, windows-amd64)
GC Precious Log:
 CardTable entry size: 512
 Card Set container configuration: InlinePtr #cards 4 size 8 Array Of Cards #cards 16 size 48 Howl #buckets 8 coarsen threshold 3686 Howl Bitmap #cards 512 size 80 coarsen threshold 460 Card regions per heap region 1 cards per card region 4096
 CPUs: 16 total, 16 available
 Memory: 13929M
 Large Page Support: Disabled
 NUMA Support: Disabled
 Compressed Oops: Enabled (Zero based)
 Heap Region Size: 2M
 Heap Min Capacity: 8M
 Heap Initial Capacity: 218M
 Heap Max Capacity: 3484M
 Pre-touch: Disabled
 Parallel Workers: 13
 Concurrent Workers: 3
 Concurrent Refinement Workers: 13
 Periodic GC: Disabled
Heap:
 garbage-first heap   total reserved 3567616K, committed 61440K, used 40338K [0x0000000726400000, 0x0000000800000000)
  region size 2048K, 15 young (30720K), 2 survivors (4096K)
GC Heap Usage History (8 events):
Event: 0.384 {heap Before GC invocations=0 (full 0):
 garbage-first heap   total reserved 3567616K, committed 225280K, used 48275K [0x0000000726400000, 0x0000000800000000)
  region size 2048K, 24 young (49152K), 0 survivors (0K)
}
Event: 0.388 {heap After GC invocations=1 (full 0):
 garbage-first heap   total reserved 3567616K, committed 225280K, used 7461K [0x0000000726400000, 0x0000000800000000)
  region size 2048K, 3 young (6144K), 3 survivors (6144K)
}
Event: 0.534 {heap Before GC invocations=1 (full 0):
 garbage-first heap   total reserved 3567616K, committed 225280K, used 42277K [0x0000000726400000, 0x0000000800000000)
  region size 2048K, 21 young (43008K), 3 survivors (6144K)
}
Event: 0.537 {heap After GC invocations=2 (full 0):
 garbage-first heap   total reserved 3567616K, committed 225280K, used 10466K [0x0000000726400000, 0x0000000800000000)
  region size 2048K, 5 young (10240K), 5 survivors (10240K)
}
Event: 0.727 {heap Before GC invocations=3 (full 0):
 garbage-first heap   total reserved 3567616K, committed 49152K, used 45282K [0x0000000726400000, 0x0000000800000000)
  region size 2048K, 22 young (45056K), 5 survivors (10240K)
}
Event: 0.733 {heap After GC invocations=4 (full 0):
 garbage-first heap   total reserved 3567616K, committed 61440K, used 13406K [0x0000000726400000, 0x0000000800000000)
  region size 2048K, 3 young (6144K), 3 survivors (6144K)
}
Event: 0.879 {heap Before GC invocations=4 (full 0):
 garbage-first heap   total reserved 3567616K, committed 61440K, used 40030K [0x0000000726400000, 0x0000000800000000)
  region size 2048K, 16 young (32768K), 3 survivors (6144K)
}
Event: 0.882 {heap After GC invocations=5 (full 0):
 garbage-first heap   total reserved 3567616K, committed 61440K, used 15762K [0x0000000726400000, 0x0000000800000000)
  region size 2048K, 2 young (4096K), 2 survivors (4096K)
}

